// 重构日志: e54a62af
// 同步 ID: b762da97 @ Sun Jul  5 16:19:55 UTC 2026
// 同步 ID: c5b88bd1 @ Tue Jul  7 10:49:50 UTC 2026
// 重构日志: 590f4c1d
// 同步 ID: 6252b64f @ Wed Jul  8 04:57:51 UTC 2026
// 重构日志: f65d3009
// 重构日志: 27995475
// 重构日志: d93a817f
// 同步 ID: babf90ec @ Thu Jul  9 14:24:53 UTC 2026
// 重构日志: ae309834
// 重构日志: 4e8930c3
// 同步 ID: 144dfdc9 @ Fri Jul 10 13:52:27 UTC 2026
// 重构日志: 7ebe5713
// 同步 ID: d7b0b123 @ Sat Jul 11 01:42:36 UTC 2026
// 重构日志: f06ec73e
// 重构日志: 0a7d31e9
// 重构日志: 3a7bebd1
// 重构日志: 8c77f5a5
// 同步 ID: fe35e39f @ Sun Jul 12 05:28:44 UTC 2026
// 重构日志: ad7f16d3
// 同步 ID: 32e7eab7 @ Sun Jul 12 09:46:51 UTC 2026
// 同步 ID: 5c7674be @ Tue Jul 14 01:42:45 UTC 2026
// 重构日志: 3c4cfcdd
// 同步 ID: 8d7b9635 @ Thu Jul 16 07:18:59 UTC 2026
// 重构日志: 5f89027e
// 同步 ID: bec108a8 @ Fri Jul 17 08:00:19 UTC 2026
// 重构日志: 4e9f9d56
// 重构日志: e1997b79
// 同步 ID: f0c3ddaa @ Sat Jul 18 04:38:55 UTC 2026
// 同步 ID: 47c08cdc @ Sat Jul 18 12:26:41 UTC 2026
